Using pre-set license
Built from '2020.3/staging' branch; Version is '2020.3.0f1 (c7b5465681fb) revision 13088070'; Using compiler version '192528614'; Build Type 'Release'
OS: 'Windows 10 Home; OS build 19043.1165; Version 2009; 64bit' Language: 'ko' Physical Memory: 16291 MB
BatchMode: 1, IsHumanControllingUs: 0, StartBugReporterOnCrash: 0, Is64bit: 1, IsPro: 0

 COMMAND LINE ARGUMENTS:
D:\Program Files\Unity\2020.3.0f1\Editor\Unity.exe
-adb2
-batchMode
-noUpm
-name
AssetImportWorker0
-projectPath
D:/School/3-1 Vacation/Unity3D/Unity3D_Planets/Planets
-logFile
Logs/AssetImportWorker0.log
-srvPort
12951
Successfully changed project path to: D:/School/3-1 Vacation/Unity3D/Unity3D_Planets/Planets
D:/School/3-1 Vacation/Unity3D/Unity3D_Planets/Planets
Using Asset Import Pipeline V2.
Refreshing native plugins compatible for Editor in 19.68 ms, found 0 plugins.
Preloading 0 native plugins for Editor in 0.00 ms.
Initialize engine version: 2020.3.0f1 (c7b5465681fb)
[Subsystems] Discovering subsystems at path D:/Program Files/Unity/2020.3.0f1/Editor/Data/Resources/UnitySubsystems
[Subsystems] Discovering subsystems at path D:/School/3-1 Vacation/Unity3D/Unity3D_Planets/Planets/Assets
GfxDevice: creating device client; threaded=0
Direct3D:
    Version:  Direct3D 11.0 [level 11.1]
    Renderer: NVIDIA GeForce RTX 2060 (ID=0x1f08)
    Vendor:   
    VRAM:     5980 MB
    Driver:   30.0.14.7168
Initialize mono
Mono path[0] = 'D:/Program Files/Unity/2020.3.0f1/Editor/Data/Managed'
Mono path[1] = 'D:/Program Files/Unity/2020.3.0f1/Editor/Data/MonoBleedingEdge/lib/mono/unityjit'
Mono config path = 'D:/Program Files/Unity/2020.3.0f1/Editor/Data/MonoBleedingEdge/etc'
Using monoOptions --debugger-agent=transport=dt_socket,embedding=1,server=y,suspend=n,address=127.0.0.1:56848
Begin MonoManager ReloadAssembly
Registering precompiled unity dll's ...
Register platform support module: D:/Program Files/Unity/2020.3.0f1/Editor/Data/PlaybackEngines/WindowsStandaloneSupport/UnityEditor.WindowsStandalone.Extensions.dll
Registered in 0.001130 seconds.
Native extension for WindowsStandalone target not found
Refreshing native plugins compatible for Editor in 20.48 ms, found 0 plugins.
Preloading 0 native plugins for Editor in 0.00 ms.
Invoked RoslynAnalysisRunner static constructor.
RoslynAnalysisRunner will not be running.
RoslynAnalysisRunner has terminated.
Mono: successfully reloaded assembly
- Completed reload, in  1.450 seconds
Platform modules already initialized, skipping
Registering precompiled user dll's ...
Registered in 0.000774 seconds.
Begin MonoManager ReloadAssembly
Native extension for WindowsStandalone target not found
Refreshing native plugins compatible for Editor in 0.20 ms, found 0 plugins.
Preloading 0 native plugins for Editor in 0.00 ms.
Invoked RoslynAnalysisRunner static constructor.
RoslynAnalysisRunner will not be running.
RoslynAnalysisRunner has terminated.
Mono: successfully reloaded assembly
- Completed reload, in  0.801 seconds
Platform modules already initialized, skipping
========================================================================
Worker process is ready to serve import requests
Launched and connected shader compiler UnityShaderCompiler.exe after 0.06 seconds
Refreshing native plugins compatible for Editor in 0.20 ms, found 0 plugins.
Preloading 0 native plugins for Editor in 0.00 ms.
Unloading 1116 Unused Serialized files (Serialized files now loaded: 0)
System memory in use before: 134.3 MB.
System memory in use after: 134.3 MB.

Unloading 10 unused Assets to reduce memory usage. Loaded Objects now: 1579.
Total: 2.286300 ms (FindLiveObjects: 0.249100 ms CreateObjectMapping: 0.088700 ms MarkObjects: 1.832400 ms  DeleteObjects: 0.114800 ms)

========================================================================
Received Import Request.
  path: Assets/Scripts/ControlPanel.cs
  artifactKey: Guid(6d7a55e5e4deafb449770848291f4285) Importer(815301076,1909f56bfc062723c751e8b465ee728b)
Start importing Assets/Scripts/ControlPanel.cs using Guid(6d7a55e5e4deafb449770848291f4285) Importer(815301076,1909f56bfc062723c751e8b465ee728b)  -> (artifact id: 'caa0988fdea9a406955a06f64742b5f6') in 0.038804 seconds
  Import took 0.040946 seconds .

========================================================================
Received Prepare
Refreshing native plugins compatible for Editor in 0.62 ms, found 0 plugins.
Preloading 0 native plugins for Editor in 0.00 ms.
Unloading 3 Unused Serialized files (Serialized files now loaded: 0)
System memory in use before: 112.1 MB.
System memory in use after: 112.2 MB.

Unloading 3 unused Assets to reduce memory usage. Loaded Objects now: 1579.
Total: 1.796300 ms (FindLiveObjects: 0.148100 ms CreateObjectMapping: 0.033600 ms MarkObjects: 1.561700 ms  DeleteObjects: 0.051400 ms)

========================================================================
Received Prepare
Registering precompiled user dll's ...
Registered in 0.000472 seconds.
Begin MonoManager ReloadAssembly
Native extension for WindowsStandalone target not found
Refreshing native plugins compatible for Editor in 0.23 ms, found 0 plugins.
Preloading 0 native plugins for Editor in 0.00 ms.
Invoked RoslynAnalysisRunner static constructor.
RoslynAnalysisRunner will not be running.
RoslynAnalysisRunner has terminated.
Mono: successfully reloaded assembly
- Completed reload, in  0.682 seconds
Platform modules already initialized, skipping
Refreshing native plugins compatible for Editor in 0.20 ms, found 0 plugins.
Preloading 0 native plugins for Editor in 0.00 ms.
Unloading 1111 Unused Serialized files (Serialized files now loaded: 0)
System memory in use before: 134.2 MB.
System memory in use after: 134.3 MB.

Unloading 5 unused Assets to reduce memory usage. Loaded Objects now: 1582.
Total: 1.408900 ms (FindLiveObjects: 0.128700 ms CreateObjectMapping: 0.029500 ms MarkObjects: 1.205400 ms  DeleteObjects: 0.044700 ms)

========================================================================
Received Import Request.
  Time since last request: 140.713887 seconds.
  path: Assets/Prefabs/Planet (3).prefab
  artifactKey: Guid(3364c2350127d284fb4ffb657adad3c9) Importer(815301076,1909f56bfc062723c751e8b465ee728b)
Start importing Assets/Prefabs/Planet (3).prefab using Guid(3364c2350127d284fb4ffb657adad3c9) Importer(815301076,1909f56bfc062723c751e8b465ee728b)  -> (artifact id: '218425d97c1c205f8263656c242fbd86') in 0.096943 seconds
  Import took 0.098863 seconds .

========================================================================
Received Import Request.
  Time since last request: 3.211822 seconds.
  path: Assets/Prefabs/Planet.prefab
  artifactKey: Guid(3364c2350127d284fb4ffb657adad3c9) Importer(815301076,1909f56bfc062723c751e8b465ee728b)
Start importing Assets/Prefabs/Planet.prefab using Guid(3364c2350127d284fb4ffb657adad3c9) Importer(815301076,1909f56bfc062723c751e8b465ee728b)  -> (artifact id: '8eba6a6838979b260f36b09f9702f466') in 0.010921 seconds
  Import took 0.012959 seconds .

========================================================================
Received Import Request.
  Time since last request: 6.286236 seconds.
  path: Assets/Prefabs/Planet.prefab
  artifactKey: Guid(3364c2350127d284fb4ffb657adad3c9) Importer(815301076,1909f56bfc062723c751e8b465ee728b)
Start importing Assets/Prefabs/Planet.prefab using Guid(3364c2350127d284fb4ffb657adad3c9) Importer(815301076,1909f56bfc062723c751e8b465ee728b)  -> (artifact id: 'e34fcf662123ead37263e3a6fb5c45c7') in 0.006986 seconds
  Import took 0.009398 seconds .

========================================================================
Received Import Request.
  Time since last request: 1.461773 seconds.
  path: Assets/Prefabs/Planet.prefab
  artifactKey: Guid(3364c2350127d284fb4ffb657adad3c9) Importer(815301076,1909f56bfc062723c751e8b465ee728b)
Start importing Assets/Prefabs/Planet.prefab using Guid(3364c2350127d284fb4ffb657adad3c9) Importer(815301076,1909f56bfc062723c751e8b465ee728b)  -> (artifact id: '68ff178eb7a197db5bf05f1618b47bb5') in 0.005717 seconds
  Import took 0.007665 seconds .

========================================================================
Received Import Request.
  Time since last request: 7.291010 seconds.
  path: Assets/Prefabs/Planet.prefab
  artifactKey: Guid(3364c2350127d284fb4ffb657adad3c9) Importer(815301076,1909f56bfc062723c751e8b465ee728b)
Start importing Assets/Prefabs/Planet.prefab using Guid(3364c2350127d284fb4ffb657adad3c9) Importer(815301076,1909f56bfc062723c751e8b465ee728b)  -> (artifact id: '7052ae8ee9d9558b64ac44acf2347f78') in 0.011094 seconds
  Import took 0.013491 seconds .

========================================================================
Received Import Request.
  Time since last request: 1.875243 seconds.
  path: Assets/Prefabs/Planet.prefab
  artifactKey: Guid(3364c2350127d284fb4ffb657adad3c9) Importer(815301076,1909f56bfc062723c751e8b465ee728b)
Start importing Assets/Prefabs/Planet.prefab using Guid(3364c2350127d284fb4ffb657adad3c9) Importer(815301076,1909f56bfc062723c751e8b465ee728b)  -> (artifact id: '2c0a0c16349bda64f6c8064c86a36aec') in 0.006615 seconds
  Import took 0.008615 seconds .

========================================================================
Received Import Request.
  Time since last request: 1.664466 seconds.
  path: Assets/Prefabs/Planet.prefab
  artifactKey: Guid(3364c2350127d284fb4ffb657adad3c9) Importer(815301076,1909f56bfc062723c751e8b465ee728b)
Start importing Assets/Prefabs/Planet.prefab using Guid(3364c2350127d284fb4ffb657adad3c9) Importer(815301076,1909f56bfc062723c751e8b465ee728b)  -> (artifact id: 'c0f4c0e5df0a6c9a27bac04671f5a9d8') in 0.010197 seconds
  Import took 0.012140 seconds .

========================================================================
Received Import Request.
  Time since last request: 0.448981 seconds.
  path: Assets/Prefabs/Planet.prefab
  artifactKey: Guid(3364c2350127d284fb4ffb657adad3c9) Importer(815301076,1909f56bfc062723c751e8b465ee728b)
Start importing Assets/Prefabs/Planet.prefab using Guid(3364c2350127d284fb4ffb657adad3c9) Importer(815301076,1909f56bfc062723c751e8b465ee728b)  -> (artifact id: 'af23cb0de7178fa4bf1cb86d0891a78d') in 0.009228 seconds
  Import took 0.011377 seconds .

========================================================================
Received Import Request.
  Time since last request: 1.067600 seconds.
  path: Assets/Prefabs/Planet.prefab
  artifactKey: Guid(3364c2350127d284fb4ffb657adad3c9) Importer(815301076,1909f56bfc062723c751e8b465ee728b)
Start importing Assets/Prefabs/Planet.prefab using Guid(3364c2350127d284fb4ffb657adad3c9) Importer(815301076,1909f56bfc062723c751e8b465ee728b)  -> (artifact id: 'f8444e1b6ef8db3e5f27437c45f090ff') in 0.005695 seconds
  Import took 0.007752 seconds .

========================================================================
Received Import Request.
  Time since last request: 2.375868 seconds.
  path: Assets/Materials/Planet.mat
  artifactKey: Guid(5f11452b1c9c2b548ad9951d6451acef) Importer(815301076,1909f56bfc062723c751e8b465ee728b)
Start importing Assets/Materials/Planet.mat using Guid(5f11452b1c9c2b548ad9951d6451acef) Importer(815301076,1909f56bfc062723c751e8b465ee728b)  -> (artifact id: '21d72a8c50bfc0b8c96b2e3ffd07d125') in 0.025876 seconds
  Import took 0.027945 seconds .

========================================================================
Received Import Request.
  Time since last request: 0.000218 seconds.
  path: Assets/Materials/Sun.mat
  artifactKey: Guid(a52bae8bd2ccb28488d158468a366f2e) Importer(815301076,1909f56bfc062723c751e8b465ee728b)
Start importing Assets/Materials/Sun.mat using Guid(a52bae8bd2ccb28488d158468a366f2e) Importer(815301076,1909f56bfc062723c751e8b465ee728b)  -> (artifact id: 'b11ecbfec81b121283c978bf660bc4ee') in 0.012065 seconds
  Import took 0.013964 seconds .

========================================================================
Received Import Request.
  Time since last request: 0.000220 seconds.
  path: Assets/Materials/Planet.mat
  artifactKey: Guid(5f11452b1c9c2b548ad9951d6451acef) Importer(815301076,1909f56bfc062723c751e8b465ee728b)
Start importing Assets/Materials/Planet.mat using Guid(5f11452b1c9c2b548ad9951d6451acef) Importer(815301076,1909f56bfc062723c751e8b465ee728b)  -> (artifact id: '21d72a8c50bfc0b8c96b2e3ffd07d125') in 0.016058 seconds
  Import took 0.017953 seconds .

========================================================================
Received Import Request.
  Time since last request: 0.006859 seconds.
  path: Assets/Materials/Sun.mat
  artifactKey: Guid(a52bae8bd2ccb28488d158468a366f2e) Importer(815301076,1909f56bfc062723c751e8b465ee728b)
Start importing Assets/Materials/Sun.mat using Guid(a52bae8bd2ccb28488d158468a366f2e) Importer(815301076,1909f56bfc062723c751e8b465ee728b)  -> (artifact id: 'b11ecbfec81b121283c978bf660bc4ee') in 0.022353 seconds
  Import took 0.024460 seconds .

========================================================================
Received Import Request.
  Time since last request: 3.615543 seconds.
  path: Assets/Prefabs/Planet.prefab
  artifactKey: Guid(3364c2350127d284fb4ffb657adad3c9) Importer(815301076,1909f56bfc062723c751e8b465ee728b)
Start importing Assets/Prefabs/Planet.prefab using Guid(3364c2350127d284fb4ffb657adad3c9) Importer(815301076,1909f56bfc062723c751e8b465ee728b)  -> (artifact id: 'dea1d84efdad193ce1633cb464c80336') in 0.008272 seconds
  Import took 0.010165 seconds .

========================================================================
Received Prepare
Registering precompiled user dll's ...
Registered in 0.000494 seconds.
Begin MonoManager ReloadAssembly
Native extension for WindowsStandalone target not found
Refreshing native plugins compatible for Editor in 0.22 ms, found 0 plugins.
Preloading 0 native plugins for Editor in 0.00 ms.
Invoked RoslynAnalysisRunner static constructor.
RoslynAnalysisRunner will not be running.
RoslynAnalysisRunner has terminated.
Mono: successfully reloaded assembly
- Completed reload, in  0.688 seconds
Platform modules already initialized, skipping
Refreshing native plugins compatible for Editor in 0.20 ms, found 0 plugins.
Preloading 0 native plugins for Editor in 0.00 ms.
Unloading 1111 Unused Serialized files (Serialized files now loaded: 0)
System memory in use before: 137.7 MB.
System memory in use after: 137.7 MB.

Unloading 6 unused Assets to reduce memory usage. Loaded Objects now: 1626.
Total: 1.443400 ms (FindLiveObjects: 0.164200 ms CreateObjectMapping: 0.039800 ms MarkObjects: 1.183300 ms  DeleteObjects: 0.054500 ms)

========================================================================
Received Prepare
Registering precompiled user dll's ...
Registered in 0.000485 seconds.
Begin MonoManager ReloadAssembly
Native extension for WindowsStandalone target not found
Refreshing native plugins compatible for Editor in 0.19 ms, found 0 plugins.
Preloading 0 native plugins for Editor in 0.00 ms.
Invoked RoslynAnalysisRunner static constructor.
RoslynAnalysisRunner will not be running.
RoslynAnalysisRunner has terminated.
Mono: successfully reloaded assembly
- Completed reload, in  0.673 seconds
Platform modules already initialized, skipping
Refreshing native plugins compatible for Editor in 0.21 ms, found 0 plugins.
Preloading 0 native plugins for Editor in 0.00 ms.
Unloading 1111 Unused Serialized files (Serialized files now loaded: 0)
System memory in use before: 137.7 MB.
System memory in use after: 137.7 MB.

Unloading 5 unused Assets to reduce memory usage. Loaded Objects now: 1629.
Total: 1.603500 ms (FindLiveObjects: 0.200200 ms CreateObjectMapping: 0.041700 ms MarkObjects: 1.304900 ms  DeleteObjects: 0.055200 ms)

========================================================================
Received Prepare
Registering precompiled user dll's ...
Registered in 0.000560 seconds.
Begin MonoManager ReloadAssembly
Native extension for WindowsStandalone target not found
Refreshing native plugins compatible for Editor in 0.20 ms, found 0 plugins.
Preloading 0 native plugins for Editor in 0.00 ms.
Invoked RoslynAnalysisRunner static constructor.
RoslynAnalysisRunner will not be running.
RoslynAnalysisRunner has terminated.
Mono: successfully reloaded assembly
- Completed reload, in  0.688 seconds
Platform modules already initialized, skipping
Refreshing native plugins compatible for Editor in 0.20 ms, found 0 plugins.
Preloading 0 native plugins for Editor in 0.00 ms.
Unloading 1111 Unused Serialized files (Serialized files now loaded: 0)
System memory in use before: 137.7 MB.
System memory in use after: 137.8 MB.

Unloading 5 unused Assets to reduce memory usage. Loaded Objects now: 1632.
Total: 1.642900 ms (FindLiveObjects: 0.150400 ms CreateObjectMapping: 0.039700 ms MarkObjects: 1.399800 ms  DeleteObjects: 0.052100 ms)

========================================================================
Received Prepare
Registering precompiled user dll's ...
Registered in 0.000473 seconds.
Begin MonoManager ReloadAssembly
Native extension for WindowsStandalone target not found
Refreshing native plugins compatible for Editor in 0.20 ms, found 0 plugins.
Preloading 0 native plugins for Editor in 0.00 ms.
Invoked RoslynAnalysisRunner static constructor.
RoslynAnalysisRunner will not be running.
RoslynAnalysisRunner has terminated.
Mono: successfully reloaded assembly
- Completed reload, in  0.685 seconds
Platform modules already initialized, skipping
Refreshing native plugins compatible for Editor in 0.20 ms, found 0 plugins.
Preloading 0 native plugins for Editor in 0.00 ms.
Unloading 1111 Unused Serialized files (Serialized files now loaded: 0)
System memory in use before: 137.7 MB.
System memory in use after: 137.8 MB.

Unloading 5 unused Assets to reduce memory usage. Loaded Objects now: 1635.
Total: 1.412600 ms (FindLiveObjects: 0.142900 ms CreateObjectMapping: 0.033300 ms MarkObjects: 1.186400 ms  DeleteObjects: 0.049100 ms)

========================================================================
Received Prepare
Registering precompiled user dll's ...
Registered in 0.000482 seconds.
Begin MonoManager ReloadAssembly
Native extension for WindowsStandalone target not found
Refreshing native plugins compatible for Editor in 0.20 ms, found 0 plugins.
Preloading 0 native plugins for Editor in 0.00 ms.
Invoked RoslynAnalysisRunner static constructor.
RoslynAnalysisRunner will not be running.
RoslynAnalysisRunner has terminated.
Mono: successfully reloaded assembly
- Completed reload, in  0.656 seconds
Platform modules already initialized, skipping
Refreshing native plugins compatible for Editor in 0.19 ms, found 0 plugins.
Preloading 0 native plugins for Editor in 0.00 ms.
Unloading 1111 Unused Serialized files (Serialized files now loaded: 0)
System memory in use before: 137.7 MB.
System memory in use after: 137.8 MB.

Unloading 5 unused Assets to reduce memory usage. Loaded Objects now: 1638.
Total: 2.150900 ms (FindLiveObjects: 0.273900 ms CreateObjectMapping: 0.057100 ms MarkObjects: 1.739400 ms  DeleteObjects: 0.079000 ms)

========================================================================
Received Prepare
Registering precompiled user dll's ...
Registered in 0.000489 seconds.
Begin MonoManager ReloadAssembly
Native extension for WindowsStandalone target not found
Refreshing native plugins compatible for Editor in 0.20 ms, found 0 plugins.
Preloading 0 native plugins for Editor in 0.00 ms.
Invoked RoslynAnalysisRunner static constructor.
RoslynAnalysisRunner will not be running.
RoslynAnalysisRunner has terminated.
Mono: successfully reloaded assembly
- Completed reload, in  0.687 seconds
Platform modules already initialized, skipping
Refreshing native plugins compatible for Editor in 0.21 ms, found 0 plugins.
Preloading 0 native plugins for Editor in 0.00 ms.
Unloading 1111 Unused Serialized files (Serialized files now loaded: 0)
System memory in use before: 137.7 MB.
System memory in use after: 137.8 MB.

Unloading 5 unused Assets to reduce memory usage. Loaded Objects now: 1641.
Total: 2.157300 ms (FindLiveObjects: 0.207700 ms CreateObjectMapping: 0.038400 ms MarkObjects: 1.842200 ms  DeleteObjects: 0.067400 ms)

========================================================================
Received Prepare
Registering precompiled user dll's ...
Registered in 0.000460 seconds.
Begin MonoManager ReloadAssembly
Native extension for WindowsStandalone target not found
Refreshing native plugins compatible for Editor in 0.20 ms, found 0 plugins.
Preloading 0 native plugins for Editor in 0.00 ms.
Invoked RoslynAnalysisRunner static constructor.
RoslynAnalysisRunner will not be running.
RoslynAnalysisRunner has terminated.
Mono: successfully reloaded assembly
- Completed reload, in  0.656 seconds
Platform modules already initialized, skipping
Refreshing native plugins compatible for Editor in 0.19 ms, found 0 plugins.
Preloading 0 native plugins for Editor in 0.00 ms.
Unloading 1111 Unused Serialized files (Serialized files now loaded: 0)
System memory in use before: 137.7 MB.
System memory in use after: 137.8 MB.

Unloading 5 unused Assets to reduce memory usage. Loaded Objects now: 1644.
Total: 1.754100 ms (FindLiveObjects: 0.258400 ms CreateObjectMapping: 0.063500 ms MarkObjects: 1.338800 ms  DeleteObjects: 0.092300 ms)

========================================================================
Received Prepare
Registering precompiled user dll's ...
Registered in 0.000520 seconds.
Begin MonoManager ReloadAssembly
Native extension for WindowsStandalone target not found
Refreshing native plugins compatible for Editor in 0.20 ms, found 0 plugins.
Preloading 0 native plugins for Editor in 0.00 ms.
Invoked RoslynAnalysisRunner static constructor.
RoslynAnalysisRunner will not be running.
RoslynAnalysisRunner has terminated.
Mono: successfully reloaded assembly
- Completed reload, in  0.672 seconds
Platform modules already initialized, skipping
Refreshing native plugins compatible for Editor in 0.20 ms, found 0 plugins.
Preloading 0 native plugins for Editor in 0.00 ms.
Unloading 1111 Unused Serialized files (Serialized files now loaded: 0)
System memory in use before: 137.7 MB.
System memory in use after: 137.8 MB.

Unloading 5 unused Assets to reduce memory usage. Loaded Objects now: 1647.
Total: 1.748800 ms (FindLiveObjects: 0.225900 ms CreateObjectMapping: 0.046500 ms MarkObjects: 1.406300 ms  DeleteObjects: 0.068700 ms)

========================================================================
Received Prepare
Registering precompiled user dll's ...
Registered in 0.000503 seconds.
Begin MonoManager ReloadAssembly
Native extension for WindowsStandalone target not found
Refreshing native plugins compatible for Editor in 0.20 ms, found 0 plugins.
Preloading 0 native plugins for Editor in 0.00 ms.
Invoked RoslynAnalysisRunner static constructor.
RoslynAnalysisRunner will not be running.
RoslynAnalysisRunner has terminated.
Mono: successfully reloaded assembly
- Completed reload, in  0.668 seconds
Platform modules already initialized, skipping
Refreshing native plugins compatible for Editor in 0.20 ms, found 0 plugins.
Preloading 0 native plugins for Editor in 0.00 ms.
Unloading 1111 Unused Serialized files (Serialized files now loaded: 0)
System memory in use before: 137.7 MB.
System memory in use after: 137.8 MB.

Unloading 5 unused Assets to reduce memory usage. Loaded Objects now: 1650.
Total: 1.612600 ms (FindLiveObjects: 0.138800 ms CreateObjectMapping: 0.033100 ms MarkObjects: 1.389400 ms  DeleteObjects: 0.050500 ms)

========================================================================
Received Prepare
Registering precompiled user dll's ...
Registered in 0.000443 seconds.
Begin MonoManager ReloadAssembly
Native extension for WindowsStandalone target not found
Refreshing native plugins compatible for Editor in 0.20 ms, found 0 plugins.
Preloading 0 native plugins for Editor in 0.00 ms.
Invoked RoslynAnalysisRunner static constructor.
RoslynAnalysisRunner will not be running.
RoslynAnalysisRunner has terminated.
Mono: successfully reloaded assembly
- Completed reload, in  0.685 seconds
Platform modules already initialized, skipping
Refreshing native plugins compatible for Editor in 0.22 ms, found 0 plugins.
Preloading 0 native plugins for Editor in 0.00 ms.
Unloading 1111 Unused Serialized files (Serialized files now loaded: 0)
System memory in use before: 137.7 MB.
System memory in use after: 137.8 MB.

Unloading 5 unused Assets to reduce memory usage. Loaded Objects now: 1653.
Total: 1.666600 ms (FindLiveObjects: 0.200100 ms CreateObjectMapping: 0.040200 ms MarkObjects: 1.336700 ms  DeleteObjects: 0.088600 ms)

========================================================================
Received Prepare
Registering precompiled user dll's ...
Registered in 0.000492 seconds.
Begin MonoManager ReloadAssembly
Native extension for WindowsStandalone target not found
Refreshing native plugins compatible for Editor in 0.20 ms, found 0 plugins.
Preloading 0 native plugins for Editor in 0.00 ms.
Invoked RoslynAnalysisRunner static constructor.
RoslynAnalysisRunner will not be running.
RoslynAnalysisRunner has terminated.
Mono: successfully reloaded assembly
- Completed reload, in  0.675 seconds
Platform modules already initialized, skipping
Refreshing native plugins compatible for Editor in 0.20 ms, found 0 plugins.
Preloading 0 native plugins for Editor in 0.00 ms.
Unloading 1111 Unused Serialized files (Serialized files now loaded: 0)
System memory in use before: 137.7 MB.
System memory in use after: 137.8 MB.

Unloading 5 unused Assets to reduce memory usage. Loaded Objects now: 1656.
Total: 1.530100 ms (FindLiveObjects: 0.188700 ms CreateObjectMapping: 0.036400 ms MarkObjects: 1.250200 ms  DeleteObjects: 0.052900 ms)

========================================================================
Received Prepare
Registering precompiled user dll's ...
Registered in 0.000536 seconds.
Begin MonoManager ReloadAssembly
Native extension for WindowsStandalone target not found
Refreshing native plugins compatible for Editor in 0.33 ms, found 0 plugins.
Preloading 0 native plugins for Editor in 0.00 ms.
Invoked RoslynAnalysisRunner static constructor.
RoslynAnalysisRunner will not be running.
RoslynAnalysisRunner has terminated.
Mono: successfully reloaded assembly
- Completed reload, in  0.745 seconds
Platform modules already initialized, skipping
Refreshing native plugins compatible for Editor in 0.21 ms, found 0 plugins.
Preloading 0 native plugins for Editor in 0.00 ms.
Unloading 1111 Unused Serialized files (Serialized files now loaded: 0)
System memory in use before: 137.7 MB.
System memory in use after: 137.8 MB.

Unloading 5 unused Assets to reduce memory usage. Loaded Objects now: 1659.
Total: 1.873200 ms (FindLiveObjects: 0.306200 ms CreateObjectMapping: 0.062100 ms MarkObjects: 1.434600 ms  DeleteObjects: 0.069200 ms)

========================================================================
Received Prepare
Registering precompiled user dll's ...
Registered in 0.000530 seconds.
Begin MonoManager ReloadAssembly
Native extension for WindowsStandalone target not found
Refreshing native plugins compatible for Editor in 0.20 ms, found 0 plugins.
Preloading 0 native plugins for Editor in 0.00 ms.
Invoked RoslynAnalysisRunner static constructor.
RoslynAnalysisRunner will not be running.
RoslynAnalysisRunner has terminated.
Mono: successfully reloaded assembly
- Completed reload, in  0.772 seconds
Platform modules already initialized, skipping
Refreshing native plugins compatible for Editor in 0.21 ms, found 0 plugins.
Preloading 0 native plugins for Editor in 0.00 ms.
Unloading 1111 Unused Serialized files (Serialized files now loaded: 0)
System memory in use before: 137.7 MB.
System memory in use after: 137.8 MB.

Unloading 5 unused Assets to reduce memory usage. Loaded Objects now: 1662.
Total: 1.653200 ms (FindLiveObjects: 0.197000 ms CreateObjectMapping: 0.045400 ms MarkObjects: 1.346100 ms  DeleteObjects: 0.063400 ms)

========================================================================
Received Prepare
Registering precompiled user dll's ...
Registered in 0.000465 seconds.
Begin MonoManager ReloadAssembly
Native extension for WindowsStandalone target not found
Refreshing native plugins compatible for Editor in 0.20 ms, found 0 plugins.
Preloading 0 native plugins for Editor in 0.00 ms.
Invoked RoslynAnalysisRunner static constructor.
RoslynAnalysisRunner will not be running.
RoslynAnalysisRunner has terminated.
Mono: successfully reloaded assembly
- Completed reload, in  0.663 seconds
Platform modules already initialized, skipping
Refreshing native plugins compatible for Editor in 0.21 ms, found 0 plugins.
Preloading 0 native plugins for Editor in 0.00 ms.
Unloading 1111 Unused Serialized files (Serialized files now loaded: 0)
System memory in use before: 137.7 MB.
System memory in use after: 137.8 MB.

Unloading 5 unused Assets to reduce memory usage. Loaded Objects now: 1665.
Total: 1.745200 ms (FindLiveObjects: 0.159300 ms CreateObjectMapping: 0.038600 ms MarkObjects: 1.491600 ms  DeleteObjects: 0.054900 ms)

========================================================================
Received Prepare
Registering precompiled user dll's ...
Registered in 0.000503 seconds.
Begin MonoManager ReloadAssembly
Native extension for WindowsStandalone target not found
Refreshing native plugins compatible for Editor in 0.20 ms, found 0 plugins.
Preloading 0 native plugins for Editor in 0.00 ms.
Invoked RoslynAnalysisRunner static constructor.
RoslynAnalysisRunner will not be running.
RoslynAnalysisRunner has terminated.
Mono: successfully reloaded assembly
- Completed reload, in  0.651 seconds
Platform modules already initialized, skipping
Refreshing native plugins compatible for Editor in 0.20 ms, found 0 plugins.
Preloading 0 native plugins for Editor in 0.00 ms.
Unloading 1111 Unused Serialized files (Serialized files now loaded: 0)
System memory in use before: 137.8 MB.
System memory in use after: 137.8 MB.

Unloading 5 unused Assets to reduce memory usage. Loaded Objects now: 1668.
Total: 1.593500 ms (FindLiveObjects: 0.171100 ms CreateObjectMapping: 0.034200 ms MarkObjects: 1.307000 ms  DeleteObjects: 0.080200 ms)

========================================================================
Received Prepare
Registering precompiled user dll's ...
Registered in 0.000539 seconds.
Begin MonoManager ReloadAssembly
Native extension for WindowsStandalone target not found
Refreshing native plugins compatible for Editor in 0.19 ms, found 0 plugins.
Preloading 0 native plugins for Editor in 0.00 ms.
Invoked RoslynAnalysisRunner static constructor.
RoslynAnalysisRunner will not be running.
RoslynAnalysisRunner has terminated.
Mono: successfully reloaded assembly
- Completed reload, in  0.649 seconds
Platform modules already initialized, skipping
Refreshing native plugins compatible for Editor in 0.20 ms, found 0 plugins.
Preloading 0 native plugins for Editor in 0.00 ms.
Unloading 1111 Unused Serialized files (Serialized files now loaded: 0)
System memory in use before: 137.8 MB.
System memory in use after: 137.8 MB.

Unloading 5 unused Assets to reduce memory usage. Loaded Objects now: 1671.
Total: 1.686200 ms (FindLiveObjects: 0.257200 ms CreateObjectMapping: 0.056500 ms MarkObjects: 1.313900 ms  DeleteObjects: 0.057400 ms)

AssetImportWorkerClient::OnTransportError - code=2 error=End of file
